<?xml version="1.0" encoding="UTF-8"?>
<!-- Generated by org.testng.reporters.JUnitXMLReporter -->
<testsuite ignored="0" hostname="DESKTOP-PNM77A8" failures="1" tests="1" name="Firefox Test" time="45.272" errors="0" timestamp="2020-09-29T13:57:56 EET">
  <testcase classname="io.cucumber.testng.AbstractTestNGCucumberTests" name="runScenario" time="45.145">
    <failure type="java.lang.Exception" message="Not all Restaurants are listed !">
      <![CDATA[java.lang.Exception: Not all Restaurants are listed !
at applicationpages.RestaurantList.CheckRestaurantsListed(RestaurantList.java:37)
at stepdefs.RestaurantListSteps.restaurantsShouldBeListed(RestaurantListSteps.java:28)
at ✽.Restaurants should be listed(file:src/test/resources/features/HomePage/01_NavigateTo_HomePage.feature:11)
]]>
    </failure>
  </testcase> <!-- runScenario -->
</testsuite> <!-- Firefox Test -->
